android/build/intermediates/manifest_merge_blame_file/debug/manifest-merger-blame-debug-report.txt
1<?xml version="1.0" encoding="utf-8"?>
2<manifest xmlns:android="http://schemas.android.com/apk/res/android"
3    package="io.invertase.firebase.messaging" >
4
5    <uses-sdk
6        android:minSdkVersion="21"
6-->src/main/AndroidManifest.xml
7        android:targetSdkVersion="33" />
7-->src/main/AndroidManifest.xml
8
9    <uses-permission android:name="android.permission.INTERNET" />
9-->src/main/AndroidManifest.xml:5:3-64
9-->src/main/AndroidManifest.xml:5:20-62
10    <uses-permission android:name="android.permission.WAKE_LOCK" />
10-->src/main/AndroidManifest.xml:6:3-65
10-->src/main/AndroidManifest.xml:6:20-63
11    <uses-permission android:name="android.permission.ACCESS_NETWORK_STATE" />
11-->src/main/AndroidManifest.xml:7:3-76
11-->src/main/AndroidManifest.xml:7:20-74
12
13    <application>
13-->src/main/AndroidManifest.xml:9:3-37:17
14        <service
14-->src/main/AndroidManifest.xml:10:5-11:42
15            android:name="io.invertase.firebase.messaging.ReactNativeFirebaseMessagingHeadlessService"
15-->src/main/AndroidManifest.xml:10:14-73
16            android:exported="false" />
16-->src/main/AndroidManifest.xml:11:15-39
17        <service
17-->src/main/AndroidManifest.xml:12:5-18:15
18            android:name="io.invertase.firebase.messaging.ReactNativeFirebaseMessagingService"
18-->src/main/AndroidManifest.xml:12:14-65
19            android:exported="false" >
19-->src/main/AndroidManifest.xml:13:14-38
20            <intent-filter android:priority="-500" >
20-->src/main/AndroidManifest.xml:14:7-17:23
20-->src/main/AndroidManifest.xml:14:22-45
21                <action android:name="com.google.firebase.MESSAGING_EVENT" />
21-->src/main/AndroidManifest.xml:15:9-70
21-->src/main/AndroidManifest.xml:15:17-67
22                <action android:name="android.intent.action.LOCKED_BOOT_COMPLETED" />
22-->src/main/AndroidManifest.xml:16:9-78
22-->src/main/AndroidManifest.xml:16:17-75
23            </intent-filter>
24        </service>
25
26        <receiver
26-->src/main/AndroidManifest.xml:19:5-26:16
27            android:name="io.invertase.firebase.messaging.ReactNativeFirebaseMessagingReceiver"
27-->src/main/AndroidManifest.xml:20:7-59
28            android:exported="true"
28-->src/main/AndroidManifest.xml:21:7-30
29            android:permission="com.google.android.c2dm.permission.SEND" >
29-->src/main/AndroidManifest.xml:22:7-67
30            <intent-filter>
30-->src/main/AndroidManifest.xml:23:7-25:23
31                <action android:name="com.google.android.c2dm.intent.RECEIVE" />
31-->src/main/AndroidManifest.xml:24:9-73
31-->src/main/AndroidManifest.xml:24:17-70
32            </intent-filter>
33        </receiver>
34
35        <meta-data
36            android:name="firebase_messaging_auto_init_enabled"
36-->src/main/AndroidManifest.xml:29:7-58
37            android:value="true" />
37-->src/main/AndroidManifest.xml:30:7-53
38        <meta-data
39            android:name="com.google.firebase.messaging.default_notification_channel_id"
39-->src/main/AndroidManifest.xml:32:7-83
40            android:value="" />
40-->src/main/AndroidManifest.xml:33:7-59
41        <meta-data
42            android:name="com.google.firebase.messaging.default_notification_color"
42-->src/main/AndroidManifest.xml:35:7-78
43            android:resource="@color/white" />
43-->src/main/AndroidManifest.xml:36:7-58
44    </application>
45
46</manifest>